TN:
SF:index.js
FN:11,(anonymous_0)
FNF:1
FNH:1
FNDA:13,(anonymous_0)
DA:4,13
DA:5,13
DA:6,13
DA:7,13
DA:8,13
DA:9,13
DA:11,13
DA:12,13
DA:23,13
DA:24,13
DA:25,13
DA:27,13
DA:28,13
DA:30,13
DA:32,13
DA:34,13
DA:35,13
DA:37,13
LF:18
LH:18
BRDA:32,0,0,0
BRDA:32,0,1,13
BRF:2
BRH:1
end_of_record
TN:
SF:lib/db.js
FN:6,setupDatabase
FNF:1
FNH:1
FNDA:13,setupDatabase
DA:3,2
DA:4,2
DA:6,2
DA:7,13
DA:8,2
DA:10,13
LF:6
LH:6
BRDA:7,0,0,2
BRDA:7,0,1,11
BRF:2
BRH:2
end_of_record
TN:
SF:lib/services/agent.js
FN:4,(anonymous_0)
FN:8,(anonymous_1)
FN:12,(anonymous_2)
FN:20,(anonymous_3)
FN:29,(anonymous_4)
FN:34,(anonymous_5)
FN:42,(anonymous_6)
FNF:7
FNH:7
FNDA:13,(anonymous_0)
FNDA:1,(anonymous_1)
FNDA:1,(anonymous_2)
FNDA:1,(anonymous_3)
FNDA:1,(anonymous_4)
FNDA:4,(anonymous_5)
FNDA:2,(anonymous_6)
DA:3,2
DA:5,13
DA:9,1
DA:13,1
DA:21,1
DA:31,1
DA:35,4
DA:44,2
DA:49,2
DA:50,2
DA:51,1
DA:52,1
DA:55,1
DA:56,1
LF:14
LH:14
BRDA:50,0,0,1
BRDA:50,0,1,1
BRDA:52,1,0,1
BRDA:52,1,1,0
BRF:4
BRH:3
end_of_record
TN:
SF:lib/services/metric.js
FN:4,(anonymous_0)
FN:9,(anonymous_1)
FN:24,(anonymous_2)
FN:43,(anonymous_3)
FNF:4
FNH:4
FNDA:13,(anonymous_0)
FNDA:1,(anonymous_1)
FNDA:1,(anonymous_2)
FNDA:1,(anonymous_3)
DA:3,2
DA:5,13
DA:6,13
DA:10,1
DA:25,1
DA:44,1
DA:46,1
DA:47,1
DA:48,1
DA:49,1
LF:10
LH:10
BRDA:46,0,0,1
BRDA:46,0,1,0
BRF:2
BRH:1
end_of_record
TN:
SF:models/agent.js
FN:6,setupAgentModel
FNF:1
FNH:0
FNDA:0,setupAgentModel
DA:3,2
DA:4,2
DA:6,2
DA:7,0
DA:8,0
LF:5
LH:3
BRF:0
BRH:0
end_of_record
TN:
SF:models/metric.js
FN:6,setupMetricModel
FNF:1
FNH:0
FNDA:0,setupMetricModel
DA:3,2
DA:4,2
DA:6,2
DA:7,0
DA:8,0
LF:5
LH:3
BRF:0
BRH:0
end_of_record
